Traceback (most recent call last):
  File "C:\Python310\lib\site-packages\jupyter_cache\executors\utils.py", line 51, in single_nb_execution
    executenb(
  File "C:\Python310\lib\site-packages\nbclient\client.py", line 1204, in execute
    return NotebookClient(nb=nb, resources=resources, km=km, **kwargs).execute()
  File "C:\Python310\lib\site-packages\nbclient\util.py", line 84, in wrapped
    return just_run(coro(*args, **kwargs))
  File "C:\Python310\lib\site-packages\nbclient\util.py", line 62, in just_run
    return loop.run_until_complete(coro)
  File "C:\Python310\lib\asyncio\base_events.py", line 646, in run_until_complete
    return future.result()
  File "C:\Python310\lib\site-packages\nbclient\client.py", line 663, in async_execute
    await self.async_execute_cell(
  File "C:\Python310\lib\site-packages\nbclient\client.py", line 965, in async_execute_cell
    await self._check_raise_for_error(cell, cell_index, exec_reply)
  File "C:\Python310\lib\site-packages\nbclient\client.py", line 862, in _check_raise_for_error
    raise CellExecutionError.from_cell_and_msg(cell, exec_reply_content)
nbclient.exceptions.CellExecutionError: An error occurred while executing the following cell:
------------------
# Look up the subreddit "news", then find the "hot" list, getting up to 10 submission
submissions = reddit.subreddit("news").hot(limit=10)

# Turn the submission results into a Python List
submissions_list = list(submissions)

# go through each reddit submission
for submission in submissions_list:
    print(submission.title)
    print()

------------------

[1;31m---------------------------------------------------------------------------[0m
[1;31mAttributeError[0m                            Traceback (most recent call last)
Input [1;32mIn [6][0m, in [0;36m<cell line: 2>[1;34m()[0m
[0;32m      1[0m [38;5;66;03m# Look up the subreddit "news", then find the "hot" list, getting up to 10 submission[39;00m
[1;32m----> 2[0m submissions [38;5;241m=[39m [43mreddit[49m[38;5;241;43m.[39;49m[43msubreddit[49m[43m([49m[38;5;124;43m"[39;49m[38;5;124;43mnews[39;49m[38;5;124;43m"[39;49m[43m)[49m[38;5;241;43m.[39;49m[43mhot[49m(limit[38;5;241m=[39m[38;5;241m10[39m)
[0;32m      4[0m [38;5;66;03m# Turn the submission results into a Python List[39;00m
[0;32m      5[0m submissions_list [38;5;241m=[39m [38;5;28mlist[39m(submissions)

[1;31mAttributeError[0m: 'NoneType' object has no attribute 'hot'
AttributeError: 'NoneType' object has no attribute 'hot'

