Traceback (most recent call last):
  File "C:\Python312\Lib\site-packages\jupyter_cache\executors\utils.py", line 58, in single_nb_execution
    executenb(
  File "C:\Python312\Lib\site-packages\nbclient\client.py", line 1314, in execute
    return NotebookClient(nb=nb, resources=resources, km=km, **kwargs).execute()
           ^^^^^^^^^^^^^^^^^^^^^^^^^^^^^^^^^^^^^^^^^^^^^^^^^^^^^^^^^^^^^^^^^^^^^
  File "C:\Users\kmthayer\AppData\Roaming\Python\Python312\site-packages\jupyter_core\utils\__init__.py", line 165, in wrapped
    return loop.run_until_complete(inner)
           ^^^^^^^^^^^^^^^^^^^^^^^^^^^^^^
  File "C:\Python312\Lib\asyncio\base_events.py", line 687, in run_until_complete
    return future.result()
           ^^^^^^^^^^^^^^^
  File "C:\Python312\Lib\site-packages\nbclient\client.py", line 709, in async_execute
    await self.async_execute_cell(
  File "C:\Python312\Lib\site-packages\nbclient\client.py", line 1062, in async_execute_cell
    await self._check_raise_for_error(cell, cell_index, exec_reply)
  File "C:\Python312\Lib\site-packages\nbclient\client.py", line 918, in _check_raise_for_error
    raise CellExecutionError.from_cell_and_msg(cell, exec_reply_content)
nbclient.exceptions.CellExecutionError: An error occurred while executing the following cell:
------------------
num_submissions = 0
total_sentiment = 0

# Look up the subreddit "cuteanimals", then find the "hot" list, getting up to 10 submission
submissions = reddit.subreddit("cuteanimals").hot(limit=10)

# Turn the submission results into a Python List
submissions_list = list(submissions)

for submission in submissions_list:
    #calculate sentiment
    submission_sentiment = sia.polarity_scores(submission.title)["compound"]
    num_submissions += 1
    total_sentiment += submission_sentiment

    print("Sentiment: " + str(submission_sentiment))
    print("   Submission Title: " + submission.title)
    print()



average_sentiment = total_sentiment / num_submissions
print("Average sentiment was " + str(average_sentiment))
------------------


[1;31m---------------------------------------------------------------------------[0m
[1;31mNameError[0m                                 Traceback (most recent call last)
Cell [1;32mIn[6], line 5[0m
[0;32m      2[0m total_sentiment [38;5;241m=[39m [38;5;241m0[39m
[0;32m      4[0m [38;5;66;03m# Look up the subreddit "cuteanimals", then find the "hot" list, getting up to 10 submission[39;00m
[1;32m----> 5[0m submissions [38;5;241m=[39m [43mreddit[49m[38;5;241m.[39msubreddit([38;5;124m"[39m[38;5;124mcuteanimals[39m[38;5;124m"[39m)[38;5;241m.[39mhot(limit[38;5;241m=[39m[38;5;241m10[39m)
[0;32m      7[0m [38;5;66;03m# Turn the submission results into a Python List[39;00m
[0;32m      8[0m submissions_list [38;5;241m=[39m [38;5;28mlist[39m(submissions)

[1;31mNameError[0m: name 'reddit' is not defined

